This is pdfTeX, Version 3.141592653-2.6-1.40.22 (MiKTeX 21.2) (preloaded format=pdflatex 2021.3.13)  14 APR 2022 23:12
entering extended mode
**./Thesis.tex
(Thesis.tex
LaTeX2e <2020-10-01> patch level 4
L3 programming layer <2021-02-18> xparse <2020-03-03>
(MastersDoctoralThesis.cls
Document Class: MastersDoctoralThesis 2016/11/22 v1.5 LaTeXTemplates.com

(C:\Users\Viet Do\AppData\Local\Programs\MiKTeX 2.9\tex/latex/etoolbox\etoolbox
.sty
Package: etoolbox 2020/10/05 v2.5k e-TeX tools for LaTeX (JAW)
\etb@tempcnta=\count179
)
(C:\Users\Viet Do\AppData\Local\Programs\MiKTeX 2.9\tex/latex/l3packages/xparse
\xparse.sty
(C:\Users\Viet Do\AppData\Local\Programs\MiKTeX 2.9\tex/latex/l3kernel\expl3.st
y
Package: expl3 2021-02-18 L3 programming layer (loader) 

(C:\Users\Viet Do\AppData\Local\Programs\MiKTeX 2.9\tex/latex/l3backend\l3backe
nd-pdftex.def
File: l3backend-pdftex.def 2021-03-02 L3 backend support: PDF output (pdfTeX)
\l__color_backend_stack_int=\count180
\l__pdf_internal_box=\box47
))
Package: xparse 2020-10-27 L3 Experimental document command parser

(C:\Users\Viet Do\AppData\Local\Programs\MiKTeX 2.9\tex/latex/l3packages/xparse
\xparse-generic.tex))
(C:\Users\Viet Do\AppData\Local\Programs\MiKTeX 2.9\tex/latex/base\book.cls
Document Class: book 2020/04/10 v1.4m Standard LaTeX document class
(C:\Users\Viet Do\AppData\Local\Programs\MiKTeX 2.9\tex/latex/base\bk11.clo
File: bk11.clo 2020/04/10 v1.4m Standard LaTeX file (size option)
)
\c@part=\count181
\c@chapter=\count182
\c@section=\count183
\c@subsection=\count184
\c@subsubsection=\count185
\c@paragraph=\count186
\c@subparagraph=\count187
\c@figure=\count188
\c@table=\count189
\abovecaptionskip=\skip47
\belowcaptionskip=\skip48
\bibindent=\dimen138
)
(C:\Users\Viet Do\AppData\Local\Programs\MiKTeX 2.9\tex/generic/babel\babel.sty
Package: babel 2021/03/03 3.55 The Babel package

(C:\Users\Viet Do\AppData\Local\Programs\MiKTeX 2.9\tex/generic/babel\babel.def
File: babel.def 2021/03/03 3.55 Babel common definitions
\babel@savecnt=\count190
\U@D=\dimen139
\l@babelnohyphens=\language79

(C:\Users\Viet Do\AppData\Local\Programs\MiKTeX 2.9\tex/generic/babel\txtbabel.
def)
\bbl@readstream=\read2
)
\bbl@dirlevel=\count191

*************************************
* Local config file bblopts.cfg used
*

(C:\Users\Viet Do\AppData\Local\Programs\MiKTeX 2.9\tex/latex/arabi\bblopts.cfg
File: bblopts.cfg 2005/09/08 v0.1 add Arabic and Farsi to "declared" options of
 babel
)
(C:\Users\Viet Do\AppData\Local\Programs\MiKTeX 2.9\tex/latex/babel-english\eng
lish.ldf
Language: english 2017/06/06 v3.3r English support from the babel system
Package babel Info: \l@canadian = using hyphenrules for english
(babel)             (\language0) on input line 102.
Package babel Info: \l@australian = using hyphenrules for ukenglish
(babel)             (\language73) on input line 105.
Package babel Info: \l@newzealand = using hyphenrules for ukenglish
(babel)             (\language73) on input line 108.
))
(C:\Users\Viet Do\AppData\Local\Programs\MiKTeX 2.9\tex/latex/koma-script\scrba
se.sty
Package: scrbase 2020/09/21 v3.32 KOMA-Script package (KOMA-Script-independent 
basics and keyval usage)

(C:\Users\Viet Do\AppData\Local\Programs\MiKTeX 2.9\tex/latex/koma-script\scrlf
ile.sty
Package: scrlfile 2020/09/21 v3.32 KOMA-Script package (file load hooks)

(C:\Users\Viet Do\AppData\Local\Programs\MiKTeX 2.9\tex/latex/koma-script\scrlf
ile-hook.sty
Package: scrlfile-hook 2020/09/21 v3.32 KOMA-Script package (using LaTeX hooks)


(C:\Users\Viet Do\AppData\Local\Programs\MiKTeX 2.9\tex/latex/koma-script\scrlo
go.sty
Package: scrlogo 2020/09/21 v3.32 KOMA-Script package (logo)
)))
(C:\Users\Viet Do\AppData\Local\Programs\MiKTeX 2.9\tex/latex/graphics\keyval.s
ty
Package: keyval 2014/10/28 v1.15 key=value parser (DPC)
\KV@toks@=\toks15
))
(C:\Users\Viet Do\AppData\Local\Programs\MiKTeX 2.9\tex/latex/koma-script\scrha
ck.sty
Package: scrhack 2020/09/21 v3.32 KOMA-Script package (hacking other packages)

(C:\Users\Viet Do\AppData\Local\Programs\MiKTeX 2.9\tex/latex/koma-script\scrkb
ase.sty
Package: scrkbase 2020/09/21 v3.32 KOMA-Script package (KOMA-Script-dependent b
asics and keyval usage)
)
(C:\Users\Viet Do\AppData\Local\Programs\MiKTeX 2.9\tex/latex/xpatch\xpatch.sty
Package: xpatch 2020/03/25 v0.3a Extending etoolbox patching commands
))
(C:\Users\Viet Do\AppData\Local\Programs\MiKTeX 2.9\tex/latex/setspace\setspace
.sty
Package: setspace 2011/12/19 v6.7a set line spacing
)
Package scrhack Info: loading setspace hack on input line 195.

(C:\Users\Viet Do\AppData\Local\Programs\MiKTeX 2.9\tex/latex/koma-script\setsp
ace.hak
File: setspace.hak 2020/09/21 v3.32 KOMA-Script scrhack part (hacking package s
etspace)
)
(C:\Users\Viet Do\AppData\Local\Programs\MiKTeX 2.9\tex/latex/latex-tools\longt
able.sty
Package: longtable 2020/01/07 v4.13 Multi-page Table package (DPC)
\LTleft=\skip49
\LTright=\skip50
\LTpre=\skip51
\LTpost=\skip52
\LTchunksize=\count192
\LTcapwidth=\dimen140
\LT@head=\box48
\LT@firsthead=\box49
\LT@foot=\box50
\LT@lastfoot=\box51
\LT@cols=\count193
\LT@rows=\count194
\c@LT@tables=\count195
\c@LT@chunks=\count196
\LT@p@ftn=\toks16
)
(C:\Users\Viet Do\AppData\Local\Programs\MiKTeX 2.9\tex/latex/siunitx\siunitx.s
ty
Package: siunitx 2020/02/25 v2.8b A comprehensive (SI) units package

(C:\Users\Viet Do\AppData\Local\Programs\MiKTeX 2.9\tex/latex/amsmath\amstext.s
ty
Package: amstext 2000/06/29 v2.01 AMS text

(C:\Users\Viet Do\AppData\Local\Programs\MiKTeX 2.9\tex/latex/amsmath\amsgen.st
y
File: amsgen.sty 1999/11/30 v2.0 generic functions
\@emptytoks=\toks17
\ex@=\dimen141
))
(C:\Users\Viet Do\AppData\Local\Programs\MiKTeX 2.9\tex/latex/latex-tools\array
.sty
Package: array 2020/10/01 v2.5c Tabular extension package (FMi)
\col@sep=\dimen142
\ar@mcellbox=\box52
\extrarowheight=\dimen143
\NC@list=\toks18
\extratabsurround=\skip53
\backup@length=\skip54
\ar@cellbox=\box53
)
(C:\Users\Viet Do\AppData\Local\Programs\MiKTeX 2.9\tex/latex/l3packages/l3keys
2e\l3keys2e.sty
Package: l3keys2e 2020-10-27 LaTeX2e option processing using LaTeX3 keys
)
\l__siunitx_tmp_box=\box54
\l__siunitx_tmp_dim=\dimen144
\l__siunitx_tmp_int=\count197
\l__siunitx_number_mantissa_length_int=\count198
\l__siunitx_number_uncert_length_int=\count199
\l__siunitx_round_int=\count266
\l__siunitx_process_decimal_int=\count267
\l__siunitx_process_uncertainty_int=\count268
\l__siunitx_process_fixed_int=\count269
\l__siunitx_process_integer_min_int=\count270
\l__siunitx_process_precision_int=\count271
\l__siunitx_group_min_int=\count272
\l__siunitx_angle_marker_box=\box55
\l__siunitx_angle_unit_box=\box56
\l__siunitx_angle_marker_dim=\dimen145
\l__siunitx_angle_unit_dim=\dimen146
\l__siunitx_unit_int=\count273
\l__siunitx_unit_denominator_int=\count274
\l__siunitx_unit_numerator_int=\count275
\l__siunitx_unit_prefix_int=\count276
\l__siunitx_unit_prefix_base_int=\count277
\l__siunitx_unit_prefix_gram_int=\count278
\l__siunitx_number_product_int=\count279
\c__siunitx_one_fill_skip=\skip55
\l__siunitx_table_unit_align_skip=\skip56
\l__siunitx_table_exponent_dim=\dimen147
\l__siunitx_table_integer_dim=\dimen148
\l__siunitx_table_mantissa_dim=\dimen149
\l__siunitx_table_marker_dim=\dimen150
\l__siunitx_table_result_dim=\dimen151
\l__siunitx_table_uncert_dim=\dimen152
\l__siunitx_table_fill_pre_dim=\dimen153
\l__siunitx_table_fill_post_dim=\dimen154
\l__siunitx_table_fill_mid_dim=\dimen155
\l__siunitx_table_pre_box=\box57
\l__siunitx_table_post_box=\box58
\l__siunitx_table_mantissa_box=\box59
\l__siunitx_table_result_box=\box60
\l__siunitx_table_number_align_skip=\skip57
\l__siunitx_table_text_align_skip=\skip58

(C:\Users\Viet Do\AppData\Local\Programs\MiKTeX 2.9\tex/latex/translator\transl
ator.sty
Package: translator 2020-08-03 v1.12c Easy translation of strings in LaTeX
))
(C:\Users\Viet Do\AppData\Local\Programs\MiKTeX 2.9\tex/latex/graphics\graphicx
.sty
Package: graphicx 2020/09/09 v1.2b Enhanced LaTeX Graphics (DPC,SPQR)

(C:\Users\Viet Do\AppData\Local\Programs\MiKTeX 2.9\tex/latex/graphics\graphics
.sty
Package: graphics 2020/08/30 v1.4c Standard LaTeX Graphics (DPC,SPQR)

(C:\Users\Viet Do\AppData\Local\Programs\MiKTeX 2.9\tex/latex/graphics\trig.sty
Package: trig 2016/01/03 v1.10 sin cos tan (DPC)
)
(C:\Users\Viet Do\AppData\Local\Programs\MiKTeX 2.9\tex/latex/graphics-cfg\grap
hics.cfg
File: graphics.cfg 2016/06/04 v1.11 sample graphics configuration
)
Package graphics Info: Driver file: pdftex.def on input line 105.

(C:\Users\Viet Do\AppData\Local\Programs\MiKTeX 2.9\tex/latex/graphics-def\pdft
ex.def
File: pdftex.def 2020/10/05 v1.2a Graphics/color driver for pdftex
))
\Gin@req@height=\dimen156
\Gin@req@width=\dimen157
)
(C:\Users\Viet Do\AppData\Local\Programs\MiKTeX 2.9\tex/latex/booktabs\booktabs
.sty
Package: booktabs 2020/01/12 v1.61803398 Publication quality tables
\heavyrulewidth=\dimen158
\lightrulewidth=\dimen159
\cmidrulewidth=\dimen160
\belowrulesep=\dimen161
\belowbottomsep=\dimen162
\aboverulesep=\dimen163
\abovetopsep=\dimen164
\cmidrulesep=\dimen165
\cmidrulekern=\dimen166
\defaultaddspace=\dimen167
\@cmidla=\count280
\@cmidlb=\count281
\@aboverulesep=\dimen168
\@belowrulesep=\dimen169
\@thisruleclass=\count282
\@lastruleclass=\count283
\@thisrulewidth=\dimen170
)
(C:\Users\Viet Do\AppData\Local\Programs\MiKTeX 2.9\tex/latex/caption\caption.s
ty
Package: caption 2020/10/26 v3.5g Customizing captions (AR)

(C:\Users\Viet Do\AppData\Local\Programs\MiKTeX 2.9\tex/latex/caption\caption3.
sty
Package: caption3 2020/10/21 v2.2e caption3 kernel (AR)
\captionmargin=\dimen171
\captionmargin@=\dimen172
\captionwidth=\dimen173
\caption@tempdima=\dimen174
\caption@indent=\dimen175
\caption@parindent=\dimen176
\caption@hangindent=\dimen177
Package caption Info: Standard document class detected.
)
\c@caption@flags=\count284
\c@continuedfloat=\count285
Package caption Info: longtable package is loaded.

(C:\Users\Viet Do\AppData\Local\Programs\MiKTeX 2.9\tex/latex/caption\ltcaption
.sty
Package: ltcaption 2020/05/30 v1.4b longtable captions (AR)
))
(C:\Users\Viet Do\AppData\Local\Programs\MiKTeX 2.9\tex/latex/xcolor\xcolor.sty
Package: xcolor 2016/05/11 v2.12 LaTeX color extensions (UK)

(C:\Users\Viet Do\AppData\Local\Programs\MiKTeX 2.9\tex/latex/graphics-cfg\colo
r.cfg
File: color.cfg 2016/01/02 v1.6 sample color configuration
)
Package xcolor Info: Driver file: pdftex.def on input line 225.
Package xcolor Info: Model `cmy' substituted by `cmy0' on input line 1348.
Package xcolor Info: Model `hsb' substituted by `rgb' on input line 1352.
Package xcolor Info: Model `RGB' extended on input line 1364.
Package xcolor Info: Model `HTML' substituted by `rgb' on input line 1366.
Package xcolor Info: Model `Hsb' substituted by `hsb' on input line 1367.
Package xcolor Info: Model `tHsb' substituted by `hsb' on input line 1368.
Package xcolor Info: Model `HSB' substituted by `hsb' on input line 1369.
Package xcolor Info: Model `Gray' substituted by `gray' on input line 1370.
Package xcolor Info: Model `wave' substituted by `hsb' on input line 1371.
)
(C:\Users\Viet Do\AppData\Local\Programs\MiKTeX 2.9\tex/latex/geometry\geometry
.sty
Package: geometry 2020/01/02 v5.9 Page Geometry

(C:\Users\Viet Do\AppData\Local\Programs\MiKTeX 2.9\tex/generic/iftex\ifvtex.st
y
Package: ifvtex 2019/10/25 v1.7 ifvtex legacy package. Use iftex instead.

(C:\Users\Viet Do\AppData\Local\Programs\MiKTeX 2.9\tex/generic/iftex\iftex.sty
Package: iftex 2020/03/06 v1.0d TeX engine tests
))
\Gm@cnth=\count286
\Gm@cntv=\count287
\c@Gm@tempcnt=\count288
\Gm@bindingoffset=\dimen178
\Gm@wd@mp=\dimen179
\Gm@odd@mp=\dimen180
\Gm@even@mp=\dimen181
\Gm@layoutwidth=\dimen182
\Gm@layoutheight=\dimen183
\Gm@layouthoffset=\dimen184
\Gm@layoutvoffset=\dimen185
\Gm@dimlist=\toks19

(C:\Users\Viet Do\AppData\Local\Programs\MiKTeX 2.9\tex/latex/geometry\geometry
.cfg))
(C:\Users\Viet Do\AppData\Local\Programs\MiKTeX 2.9\tex/latex/koma-script\scrla
yer-scrpage.sty
Package: scrlayer-scrpage 2020/09/21 v3.32 KOMA-Script package (end user interf
ace for scrlayer)

(C:\Users\Viet Do\AppData\Local\Programs\MiKTeX 2.9\tex/latex/koma-script\scrla
yer.sty
Package: scrlayer 2020/09/21 v3.32 KOMA-Script package (defining layers and pag
e styles)
\footheight=\skip59
Package scrlayer Info: patching LaTeX kernel macro \pagestyle on input line 211
6.
)
Package scrbase Info: Unknown processing state.
(scrbase)             Processing option `markcase=used'
(scrbase)             of member `.scrlayer-scrpage.sty' of family
(scrbase)             `KOMA' doesn't set
(scrbase)             a valid state. This will be interpreted
(scrbase)             as \FamilyKeyStateProcessed on input line 636.
)
Package scrlayer-scrpage Info: auto-selection of `pagestyleset=standard'.

1: chapter
1: chapter
1: section
)
(C:\Users\Viet Do\AppData\Local\Programs\MiKTeX 2.9\tex/latex/base\inputenc.sty
Package: inputenc 2020/08/01 v1.3d Input encoding file
\inpenc@prehook=\toks20
\inpenc@posthook=\toks21
)
(C:\Users\Viet Do\AppData\Local\Programs\MiKTeX 2.9\tex/latex/base\fontenc.sty
Package: fontenc 2020/08/10 v2.0s Standard LaTeX package
)
(C:\Users\Viet Do\AppData\Local\Programs\MiKTeX 2.9\tex/latex/psnfss\mathpazo.s
ty
Package: mathpazo 2020/03/25 PSNFSS-v9.3 Palatino w/ Pazo Math (D.Puga, WaS) 
\symupright=\mathgroup4
)
(C:\Users\Viet Do\AppData\Local\Programs\MiKTeX 2.9\tex/latex/amscls\amsthm.sty
Package: amsthm 2020/05/29 v2.20.6
\thm@style=\toks22
\thm@bodyfont=\toks23
\thm@headfont=\toks24
\thm@notefont=\toks25
\thm@headpunct=\toks26
\thm@preskip=\skip60
\thm@postskip=\skip61
\thm@headsep=\skip62
\dth@everypar=\toks27
)
(C:\Users\Viet Do\AppData\Local\Programs\MiKTeX 2.9\tex/latex/amsmath\amsmath.s
ty
Package: amsmath 2020/09/23 v2.17i AMS math features
\@mathmargin=\skip63

For additional information on amsmath, use the `?' option.

(C:\Users\Viet Do\AppData\Local\Programs\MiKTeX 2.9\tex/latex/amsmath\amsbsy.st
y
Package: amsbsy 1999/11/29 v1.2d Bold Symbols
\pmbraise@=\dimen186
)
(C:\Users\Viet Do\AppData\Local\Programs\MiKTeX 2.9\tex/latex/amsmath\amsopn.st
y
Package: amsopn 2016/03/08 v2.02 operator names
)
\inf@bad=\count289
LaTeX Info: Redefining \frac on input line 234.
\uproot@=\count290
\leftroot@=\count291
LaTeX Info: Redefining \overline on input line 399.
\classnum@=\count292
\DOTSCASE@=\count293
LaTeX Info: Redefining \ldots on input line 496.
LaTeX Info: Redefining \dots on input line 499.
LaTeX Info: Redefining \cdots on input line 620.
\Mathstrutbox@=\box61
\strutbox@=\box62
\big@size=\dimen187
LaTeX Font Info:    Redeclaring font encoding OML on input line 743.
LaTeX Font Info:    Redeclaring font encoding OMS on input line 744.
\macc@depth=\count294
\c@MaxMatrixCols=\count295
\dotsspace@=\muskip16
\c@parentequation=\count296
\dspbrk@lvl=\count297
\tag@help=\toks28
\row@=\count298
\column@=\count299
\maxfields@=\count300
\andhelp@=\toks29
\eqnshift@=\dimen188
\alignsep@=\dimen189
\tagshift@=\dimen190
\tagwidth@=\dimen191
\totwidth@=\dimen192
\lineht@=\dimen193
\@envbody=\toks30
\multlinegap=\skip64
\multlinetaggap=\skip65
\mathdisplay@stack=\toks31
LaTeX Info: Redefining \[ on input line 2923.
LaTeX Info: Redefining \] on input line 2924.
)
(C:\Users\Viet Do\AppData\Local\Programs\MiKTeX 2.9\tex/latex/amsfonts\amssymb.
sty
Package: amssymb 2013/01/14 v3.01 AMS font symbols

(C:\Users\Viet Do\AppData\Local\Programs\MiKTeX 2.9\tex/latex/amsfonts\amsfonts
.sty
Package: amsfonts 2013/01/14 v3.01 Basic AMSFonts support
\symAMSa=\mathgroup5
\symAMSb=\mathgroup6
LaTeX Font Info:    Redeclaring math symbol \hbar on input line 98.
LaTeX Font Info:    Overwriting math alphabet `\mathfrak' in version `bold'
(Font)                  U/euf/m/n --> U/euf/b/n on input line 106.
))
(C:\Users\Viet Do\AppData\Local\Programs\MiKTeX 2.9\tex/latex/csquotes\csquotes
.sty
Package: csquotes 2021-02-22 v5.2l context-sensitive quotations (JAW)
\csq@reset=\count301
\csq@gtype=\count302
\csq@glevel=\count303
\csq@qlevel=\count304
\csq@maxlvl=\count305
\csq@tshold=\count306
\csq@ltx@everypar=\toks32

(C:\Users\Viet Do\AppData\Local\Programs\MiKTeX 2.9\tex/latex/csquotes\csquotes
.def
File: csquotes.def 2021-02-22 v5.2l csquotes generic definitions (JAW)
)
Package csquotes Info: Trying to load configuration file 'csquotes.cfg'...
Package csquotes Info: ... configuration file loaded successfully.

(C:\Users\Viet Do\AppData\Local\Programs\MiKTeX 2.9\tex/latex/csquotes\csquotes
.cfg
File: csquotes.cfg 
)
Package csquotes Info: Enabling multilingual quotes.
)
(C:\Users\Viet Do\AppData\Local\Programs\MiKTeX 2.9\tex/latex/latex-tools\layou
t.sty
Package: layout 2014/10/28 v1.2c Show layout parameters
\oneinch=\count307
\cnt@paperwidth=\count308
\cnt@paperheight=\count309
\cnt@hoffset=\count310
\cnt@voffset=\count311
\cnt@textheight=\count312
\cnt@textwidth=\count313
\cnt@topmargin=\count314
\cnt@oddsidemargin=\count315
\cnt@evensidemargin=\count316
\cnt@headheight=\count317
\cnt@headsep=\count318
\cnt@marginparsep=\count319
\cnt@marginparwidth=\count320
\cnt@marginparpush=\count321
\cnt@footskip=\count322
\fheight=\count323
\ref@top=\count324
\ref@hoffset=\count325
\ref@voffset=\count326
\ref@head=\count327
\ref@body=\count328
\ref@foot=\count329
\ref@margin=\count330
\ref@marginwidth=\count331
\ref@marginpar=\count332
\Interval=\count333
\ExtraYPos=\count334
\PositionX=\count335
\PositionY=\count336
\ArrowLength=\count337
)
(C:\Users\Viet Do\AppData\Local\Programs\MiKTeX 2.9\tex/latex/latex-tools\multi
col.sty
Package: multicol 2019/12/09 v1.8y multicolumn formatting (FMi)
\c@tracingmulticols=\count338
\mult@box=\box63
\multicol@leftmargin=\dimen194
\c@unbalance=\count339
\c@collectmore=\count340
\doublecol@number=\count341
\multicoltolerance=\count342
\multicolpretolerance=\count343
\full@width=\dimen195
\page@free=\dimen196
\premulticols=\dimen197
\postmulticols=\dimen198
\multicolsep=\skip66
\multicolbaselineskip=\skip67
\partial@page=\box64
\last@line=\box65
\maxbalancingoverflow=\dimen199
\mult@rightbox=\box66
\mult@grightbox=\box67
\mult@gfirstbox=\box68
\mult@firstbox=\box69
\@tempa=\box70
\@tempa=\box71
\@tempa=\box72
\@tempa=\box73
\@tempa=\box74
\@tempa=\box75
\@tempa=\box76
\@tempa=\box77
\@tempa=\box78
\@tempa=\box79
\@tempa=\box80
\@tempa=\box81
\@tempa=\box82
\@tempa=\box83
\@tempa=\box84
\@tempa=\box85
\@tempa=\box86
\@tempa=\box87
\@tempa=\box88
\@tempa=\box89
\@tempa=\box90
\@tempa=\box91
\@tempa=\box92
\@tempa=\box93
\@tempa=\box94
\@tempa=\box95
\@tempa=\box96
\@tempa=\box97
\@tempa=\box98
\@tempa=\box99
\@tempa=\box100
\@tempa=\box101
\@tempa=\box102
\@tempa=\box103
\@tempa=\box104
\@tempa=\box105
\@tempa=\box106
\c@minrows=\count344
\c@columnbadness=\count345
\c@finalcolumnbadness=\count346
\last@try=\dimen256
\multicolovershoot=\dimen257
\multicolundershoot=\dimen258
\mult@nat@firstbox=\box107
\colbreak@box=\box108
\mc@col@check@num=\count347
)
(C:\Users\Viet Do\AppData\Local\Programs\MiKTeX 2.9\tex/latex/multirow\multirow
.sty
Package: multirow 2021/01/29 v2.7 Span multiple rows of a table
\multirow@colwidth=\skip68
\multirow@cntb=\count348
\multirow@dima=\skip69
\bigstrutjot=\dimen259
)
(C:\Users\Viet Do\AppData\Local\Programs\MiKTeX 2.9\tex/latex/caption\subcaptio
n.sty
Package: subcaption 2020/10/07 v1.3j Sub-captions (AR)
\c@subfigure=\count349
\c@subtable=\count350
)
(C:\Users\Viet Do\AppData\Local\Programs\MiKTeX 2.9\tex/latex/hyperref\hyperref
.sty
Package: hyperref 2021-02-27 v7.00k Hypertext links for LaTeX

(C:\Users\Viet Do\AppData\Local\Programs\MiKTeX 2.9\tex/generic/ltxcmds\ltxcmds
.sty
Package: ltxcmds 2020-05-10 v1.25 LaTeX kernel commands for general use (HO)
)
(C:\Users\Viet Do\AppData\Local\Programs\MiKTeX 2.9\tex/generic/pdftexcmds\pdft
excmds.sty
Package: pdftexcmds 2020-06-27 v0.33 Utility functions of pdfTeX for LuaTeX (HO
)

(C:\Users\Viet Do\AppData\Local\Programs\MiKTeX 2.9\tex/generic/infwarerr\infwa
rerr.sty
Package: infwarerr 2019/12/03 v1.5 Providing info/warning/error messages (HO)
)
Package pdftexcmds Info: \pdf@primitive is available.
Package pdftexcmds Info: \pdf@ifprimitive is available.
Package pdftexcmds Info: \pdfdraftmode found.
)
(C:\Users\Viet Do\AppData\Local\Programs\MiKTeX 2.9\tex/generic/kvsetkeys\kvset
keys.sty
Package: kvsetkeys 2019/12/15 v1.18 Key value parser (HO)
)
(C:\Users\Viet Do\AppData\Local\Programs\MiKTeX 2.9\tex/generic/kvdefinekeys\kv
definekeys.sty
Package: kvdefinekeys 2019-12-19 v1.6 Define keys (HO)
)
(C:\Users\Viet Do\AppData\Local\Programs\MiKTeX 2.9\tex/generic/pdfescape\pdfes
cape.sty
Package: pdfescape 2019/12/09 v1.15 Implements pdfTeX's escape features (HO)
)
(C:\Users\Viet Do\AppData\Local\Programs\MiKTeX 2.9\tex/latex/hycolor\hycolor.s
ty
Package: hycolor 2020-01-27 v1.10 Color options for hyperref/bookmark (HO)
)
(C:\Users\Viet Do\AppData\Local\Programs\MiKTeX 2.9\tex/latex/letltxmacro\letlt
xmacro.sty
Package: letltxmacro 2019/12/03 v1.6 Let assignment for LaTeX macros (HO)
)
(C:\Users\Viet Do\AppData\Local\Programs\MiKTeX 2.9\tex/latex/auxhook\auxhook.s
ty
Package: auxhook 2019-12-17 v1.6 Hooks for auxiliary files (HO)
)
(C:\Users\Viet Do\AppData\Local\Programs\MiKTeX 2.9\tex/latex/kvoptions\kvoptio
ns.sty
Package: kvoptions 2020-10-07 v3.14 Key value format for package options (HO)
)
\@linkdim=\dimen260
\Hy@linkcounter=\count351
\Hy@pagecounter=\count352

(C:\Users\Viet Do\AppData\Local\Programs\MiKTeX 2.9\tex/latex/hyperref\pd1enc.d
ef
File: pd1enc.def 2021-02-27 v7.00k Hyperref: PDFDocEncoding definition (HO)
Now handling font encoding PD1 ...
... no UTF-8 mapping file for font encoding PD1
)
(C:\Users\Viet Do\AppData\Local\Programs\MiKTeX 2.9\tex/latex/hyperref\hyperref
-langpatches.def
File: hyperref-langpatches.def 2021-02-27 v7.00k Hyperref: patches for babel la
nguages
)
(C:\Users\Viet Do\AppData\Local\Programs\MiKTeX 2.9\tex/generic/intcalc\intcalc
.sty
Package: intcalc 2019/12/15 v1.3 Expandable calculations with integers (HO)
)
(C:\Users\Viet Do\AppData\Local\Programs\MiKTeX 2.9\tex/generic/etexcmds\etexcm
ds.sty
Package: etexcmds 2019/12/15 v1.7 Avoid name clashes with e-TeX commands (HO)
)
\Hy@SavedSpaceFactor=\count353

(C:\Users\Viet Do\AppData\Local\Programs\MiKTeX 2.9\tex/latex/hyperref\puenc.de
f
File: puenc.def 2021-02-27 v7.00k Hyperref: PDF Unicode definition (HO)
Now handling font encoding PU ...
... no UTF-8 mapping file for font encoding PU
)
Package hyperref Info: Option `final' set `true' on input line 4073.
Package hyperref Info: Hyper figures OFF on input line 4192.
Package hyperref Info: Link nesting OFF on input line 4197.
Package hyperref Info: Hyper index ON on input line 4200.
Package hyperref Info: Plain pages OFF on input line 4207.
Package hyperref Info: Backreferencing OFF on input line 4212.
Package hyperref Info: Implicit mode ON; LaTeX internals redefined.
Package hyperref Info: Bookmarks ON on input line 4445.
\c@Hy@tempcnt=\count354
 (C:\Users\Viet Do\AppData\Local\Programs\MiKTeX 2.9\tex/latex/url\url.sty
\Urlmuskip=\muskip17
Package: url 2013/09/16  ver 3.4  Verb mode for urls, etc.
)
LaTeX Info: Redefining \url on input line 4804.
\XeTeXLinkMargin=\dimen261

(C:\Users\Viet Do\AppData\Local\Programs\MiKTeX 2.9\tex/generic/bitset\bitset.s
ty
Package: bitset 2019/12/09 v1.3 Handle bit-vector datatype (HO)

(C:\Users\Viet Do\AppData\Local\Programs\MiKTeX 2.9\tex/generic/bigintcalc\bigi
ntcalc.sty
Package: bigintcalc 2019/12/15 v1.5 Expandable calculations on big integers (HO
)
))
\Fld@menulength=\count355
\Field@Width=\dimen262
\Fld@charsize=\dimen263
Package hyperref Info: Hyper figures OFF on input line 6075.
Package hyperref Info: Link nesting OFF on input line 6080.
Package hyperref Info: Hyper index ON on input line 6083.
Package hyperref Info: backreferencing OFF on input line 6090.
Package hyperref Info: Link coloring OFF on input line 6095.
Package hyperref Info: Link coloring with OCG OFF on input line 6100.
Package hyperref Info: PDF/A mode OFF on input line 6105.
LaTeX Info: Redefining \ref on input line 6145.
LaTeX Info: Redefining \pageref on input line 6149.

(C:\Users\Viet Do\AppData\Local\Programs\MiKTeX 2.9\tex/latex/base\atbegshi-ltx
.sty
Package: atbegshi-ltx 2020/08/17 v1.0a Emulation of the original atbegshi packa
ge
with kernel methods
)
\Hy@abspage=\count356
\c@Item=\count357
\c@Hfootnote=\count358
)
Package scrhack Info: hyperref hack deactivated because of
(scrhack)             detection of hyperref version, that doesn't
(scrhack)             need that hack, on input line 34.
Package hyperref Info: Driver (autodetected): hpdftex.

(C:\Users\Viet Do\AppData\Local\Programs\MiKTeX 2.9\tex/latex/hyperref\hpdftex.
def
File: hpdftex.def 2021-02-27 v7.00k Hyperref driver for pdfTeX

(C:\Users\Viet Do\AppData\Local\Programs\MiKTeX 2.9\tex/latex/base\atveryend-lt
x.sty
Package: atveryend-ltx 2020/08/19 v1.0a Emulation of the original atvery packag
e
with kernel methods
)
\Fld@listcount=\count359
\c@bookmark@seq@number=\count360

(C:\Users\Viet Do\AppData\Local\Programs\MiKTeX 2.9\tex/latex/rerunfilecheck\re
runfilecheck.sty
Package: rerunfilecheck 2019/12/05 v1.9 Rerun checks for auxiliary files (HO)

(C:\Users\Viet Do\AppData\Local\Programs\MiKTeX 2.9\tex/generic/uniquecounter\u
niquecounter.sty
Package: uniquecounter 2019/12/15 v1.4 Provide unlimited unique counter (HO)
)
Package uniquecounter Info: New unique counter `rerunfilecheck' on input line 2
86.
)
\Hy@SectionHShift=\skip70
)
(C:\Users\Viet Do\AppData\Local\Programs\MiKTeX 2.9\tex/latex/cite\cite.sty
LaTeX Info: Redefining \cite on input line 302.
LaTeX Info: Redefining \nocite on input line 332.
Package: cite 2015/02/27  v 5.5
)
(C:\Users\Viet Do\AppData\Local\Programs\MiKTeX 2.9\tex/latex/hyphenat\hyphenat
.sty
Package: hyphenat 2009/09/02 v2.3c hyphenation utilities
\langwohyphens=\language80
LaTeX Info: Redefining \_ on input line 43.
)
(C:\Users\Viet Do\AppData\Local\Programs\MiKTeX 2.9\tex/latex/notoccite\notocci
te.sty
Package: notoccite 2000/07/20
)
(C:\Users\Viet Do\AppData\Local\Programs\MiKTeX 2.9\tex/latex/cjk\CJKutf8.sty
Package: CJKutf8 2015/04/18 4.8.4

(C:\Users\Viet Do\AppData\Local\Programs\MiKTeX 2.9\tex/generic/iftex\ifpdf.sty
Package: ifpdf 2019/10/25 v3.4 ifpdf legacy package. Use iftex instead.
) (C:\Users\Viet Do\AppData\Local\Programs\MiKTeX 2.9\tex/latex/cjk\CJK.sty
Package: CJK 2015/04/18 4.8.4

(C:\Users\Viet Do\AppData\Local\Programs\MiKTeX 2.9\tex/latex/cjk/mule\MULEenc.
sty
Package: MULEenc 2015/04/18 4.8.4
) (C:\Users\Viet Do\AppData\Local\Programs\MiKTeX 2.9\tex/latex/cjk\CJK.enc
File: CJK.enc 2015/04/18 4.8.4
Now handling font encoding C00 ...
... no UTF-8 mapping file for font encoding C00
Now handling font encoding C05 ...
... no UTF-8 mapping file for font encoding C05
Now handling font encoding C09 ...
... no UTF-8 mapping file for font encoding C09
Now handling font encoding C10 ...
... no UTF-8 mapping file for font encoding C10
Now handling font encoding C20 ...
... no UTF-8 mapping file for font encoding C20
Now handling font encoding C19 ...
... no UTF-8 mapping file for font encoding C19
Now handling font encoding C40 ...
... no UTF-8 mapping file for font encoding C40
Now handling font encoding C42 ...
... no UTF-8 mapping file for font encoding C42
Now handling font encoding C43 ...
... no UTF-8 mapping file for font encoding C43
Now handling font encoding C50 ...
... no UTF-8 mapping file for font encoding C50
Now handling font encoding C52 ...
... no UTF-8 mapping file for font encoding C52
Now handling font encoding C49 ...
... no UTF-8 mapping file for font encoding C49
Now handling font encoding C60 ...
... no UTF-8 mapping file for font encoding C60
Now handling font encoding C61 ...
... no UTF-8 mapping file for font encoding C61
Now handling font encoding C63 ...
... no UTF-8 mapping file for font encoding C63
Now handling font encoding C64 ...
... no UTF-8 mapping file for font encoding C64
Now handling font encoding C65 ...
... no UTF-8 mapping file for font encoding C65
Now handling font encoding C70 ...
... no UTF-8 mapping file for font encoding C70
Now handling font encoding C31 ...
... no UTF-8 mapping file for font encoding C31
Now handling font encoding C32 ...
... no UTF-8 mapping file for font encoding C32
Now handling font encoding C33 ...
... no UTF-8 mapping file for font encoding C33
Now handling font encoding C34 ...
... no UTF-8 mapping file for font encoding C34
Now handling font encoding C35 ...
... no UTF-8 mapping file for font encoding C35
Now handling font encoding C36 ...
... no UTF-8 mapping file for font encoding C36
Now handling font encoding C37 ...
... no UTF-8 mapping file for font encoding C37
Now handling font encoding C80 ...
... no UTF-8 mapping file for font encoding C80
Now handling font encoding C81 ...
... no UTF-8 mapping file for font encoding C81
Now handling font encoding C01 ...
... no UTF-8 mapping file for font encoding C01
Now handling font encoding C11 ...
... no UTF-8 mapping file for font encoding C11
Now handling font encoding C21 ...
... no UTF-8 mapping file for font encoding C21
Now handling font encoding C41 ...
... no UTF-8 mapping file for font encoding C41
Now handling font encoding C62 ...
... no UTF-8 mapping file for font encoding C62
)
LaTeX Info: Redefining \selectfont on input line 755.
\CJK@indent=\box109
)
(C:\Users\Viet Do\AppData\Local\Programs\MiKTeX 2.9\tex/latex/base\fontenc.sty
Package: fontenc 2020/08/10 v2.0s Standard LaTeX package
LaTeX Font Info:    Trying to load font information for T1+ppl on input line 11
2.

(C:\Users\Viet Do\AppData\Local\Programs\MiKTeX 2.9\tex/latex/psnfss\t1ppl.fd
File: t1ppl.fd 2001/06/04 font definitions for T1/ppl.
)))
(C:\Users\Viet Do\AppData\Local\Programs\MiKTeX 2.9\tex/latex/dashrule\dashrule
.sty
Package: dashrule 2013/03/28 v1.3 Dashed rules

(C:\Users\Viet Do\AppData\Local\Programs\MiKTeX 2.9\tex/latex/ifmtarg\ifmtarg.s
ty
Package: ifmtarg 2018/04/16 v1.2b check for an empty argument
)
\c@hdr@segments=\count361
)
\c@definition=\count362
Package hyperref Info: Option `colorlinks' set `true' on input line 119.
Package csquotes Info: Checking for multilingual support...
Package csquotes Info: ... found 'babel' package.
 (Thesis.aux (Chapters/Introduction.aux) (Appendices/FirstAppendix.aux))
\openout1 = `Thesis.aux'.

LaTeX Font Info:    Checking defaults for OML/cmm/m/it on input line 119.
LaTeX Font Info:    ... okay on input line 119.
LaTeX Font Info:    Checking defaults for OMS/cmsy/m/n on input line 119.
LaTeX Font Info:    ... okay on input line 119.
LaTeX Font Info:    Checking defaults for OT1/cmr/m/n on input line 119.
LaTeX Font Info:    ... okay on input line 119.
LaTeX Font Info:    Checking defaults for T1/cmr/m/n on input line 119.
LaTeX Font Info:    ... okay on input line 119.
LaTeX Font Info:    Checking defaults for TS1/cmr/m/n on input line 119.
LaTeX Font Info:    ... okay on input line 119.
LaTeX Font Info:    Checking defaults for OMX/cmex/m/n on input line 119.
LaTeX Font Info:    ... okay on input line 119.
LaTeX Font Info:    Checking defaults for U/cmr/m/n on input line 119.
LaTeX Font Info:    ... okay on input line 119.
LaTeX Font Info:    Checking defaults for PD1/pdf/m/n on input line 119.
LaTeX Font Info:    ... okay on input line 119.
LaTeX Font Info:    Checking defaults for PU/pdf/m/n on input line 119.
LaTeX Font Info:    ... okay on input line 119.
LaTeX Font Info:    Checking defaults for C00/song/m/n on input line 119.
LaTeX Font Info:    ... okay on input line 119.
LaTeX Font Info:    Checking defaults for C05/song/m/n on input line 119.
LaTeX Font Info:    ... okay on input line 119.
LaTeX Font Info:    Checking defaults for C09/song/m/n on input line 119.
LaTeX Font Info:    ... okay on input line 119.
LaTeX Font Info:    Checking defaults for C10/song/m/n on input line 119.
LaTeX Font Info:    ... okay on input line 119.
LaTeX Font Info:    Checking defaults for C20/song/m/n on input line 119.
LaTeX Font Info:    ... okay on input line 119.
LaTeX Font Info:    Checking defaults for C19/song/m/n on input line 119.
LaTeX Font Info:    ... okay on input line 119.
LaTeX Font Info:    Checking defaults for C40/song/m/n on input line 119.
LaTeX Font Info:    ... okay on input line 119.
LaTeX Font Info:    Checking defaults for C42/song/m/n on input line 119.
LaTeX Font Info:    ... okay on input line 119.
LaTeX Font Info:    Checking defaults for C43/song/m/n on input line 119.
LaTeX Font Info:    ... okay on input line 119.
LaTeX Font Info:    Checking defaults for C50/song/m/n on input line 119.
LaTeX Font Info:    ... okay on input line 119.
LaTeX Font Info:    Checking defaults for C52/song/m/n on input line 119.
LaTeX Font Info:    ... okay on input line 119.
LaTeX Font Info:    Checking defaults for C49/song/m/n on input line 119.
LaTeX Font Info:    ... okay on input line 119.
LaTeX Font Info:    Checking defaults for C60/mj/m/n on input line 119.
LaTeX Font Info:    ... okay on input line 119.
LaTeX Font Info:    Checking defaults for C61/mj/m/n on input line 119.
LaTeX Font Info:    ... okay on input line 119.
LaTeX Font Info:    Checking defaults for C63/mj/m/n on input line 119.
LaTeX Font Info:    ... okay on input line 119.
LaTeX Font Info:    Checking defaults for C64/mj/m/n on input line 119.
LaTeX Font Info:    ... okay on input line 119.
LaTeX Font Info:    Checking defaults for C65/mj/m/n on input line 119.
LaTeX Font Info:    ... okay on input line 119.
LaTeX Font Info:    Checking defaults for C70/song/m/n on input line 119.
LaTeX Font Info:    ... okay on input line 119.
LaTeX Font Info:    Checking defaults for C31/song/m/n on input line 119.
LaTeX Font Info:    ... okay on input line 119.
LaTeX Font Info:    Checking defaults for C32/song/m/n on input line 119.
LaTeX Font Info:    ... okay on input line 119.
LaTeX Font Info:    Checking defaults for C33/song/m/n on input line 119.
LaTeX Font Info:    ... okay on input line 119.
LaTeX Font Info:    Checking defaults for C34/song/m/n on input line 119.
LaTeX Font Info:    ... okay on input line 119.
LaTeX Font Info:    Checking defaults for C35/song/m/n on input line 119.
LaTeX Font Info:    ... okay on input line 119.
LaTeX Font Info:    Checking defaults for C36/song/m/n on input line 119.
LaTeX Font Info:    ... okay on input line 119.
LaTeX Font Info:    Checking defaults for C37/song/m/n on input line 119.
LaTeX Font Info:    ... okay on input line 119.
LaTeX Font Info:    Checking defaults for C80/song/m/n on input line 119.
LaTeX Font Info:    ... okay on input line 119.
LaTeX Font Info:    Checking defaults for C81/song/m/n on input line 119.
LaTeX Font Info:    ... okay on input line 119.
LaTeX Font Info:    Checking defaults for C01/song/m/n on input line 119.
LaTeX Font Info:    ... okay on input line 119.
LaTeX Font Info:    Checking defaults for C11/song/m/n on input line 119.
LaTeX Font Info:    ... okay on input line 119.
LaTeX Font Info:    Checking defaults for C21/song/m/n on input line 119.
LaTeX Font Info:    ... okay on input line 119.
LaTeX Font Info:    Checking defaults for C41/song/m/n on input line 119.
LaTeX Font Info:    ... okay on input line 119.
LaTeX Font Info:    Checking defaults for C62/song/m/n on input line 119.
LaTeX Font Info:    ... okay on input line 119.

(C:\Users\Viet Do\AppData\Local\Programs\MiKTeX 2.9\tex/latex/siunitx\siunitx-a
bbreviations.cfg
File: siunitx-abbreviations.cfg 2017/11/26 v2.7k siunitx: Abbreviated units
)
(C:\Users\Viet Do\AppData\Local\Programs\MiKTeX 2.9\tex/latex/translator\transl
ator-basic-dictionary-English.dict
Dictionary: translator-basic-dictionary, Language: English 
)
(C:\Users\Viet Do\AppData\Local\Programs\MiKTeX 2.9\tex/context/base/mkii\supp-
pdf.mkii
[Loading MPS to PDF converter (version 2006.09.02).]
\scratchcounter=\count363
\scratchdimen=\dimen264
\scratchbox=\box110
\nofMPsegments=\count364
\nofMParguments=\count365
\everyMPshowfont=\toks33
\MPscratchCnt=\count366
\MPscratchDim=\dimen265
\MPnumerator=\count367
\makeMPintoPDFobject=\count368
\everyMPtoPDFconversion=\toks34
)
(C:\Users\Viet Do\AppData\Local\Programs\MiKTeX 2.9\tex/latex/epstopdf-pkg\epst
opdf-base.sty
Package: epstopdf-base 2020-01-24 v2.11 Base part for package epstopdf
Package epstopdf-base Info: Redefining graphics rule for `.eps' on input line 4
85.
)
Package caption Info: Begin \AtBeginDocument code.
Package caption Info: hyperref package is loaded.
Package caption Info: End \AtBeginDocument code.

*geometry* driver: auto-detecting
*geometry* detected driver: pdftex
*geometry* verbose mode - [ preamble ] result:
* driver: pdftex
* paper: a4paper
* layout: <same size as paper>
* layoutoffset:(h,v)=(0.0pt,0.0pt)
* modes: twoside 
* h-part:(L,W,R)=(71.13188pt, 384.11221pt, 142.26378pt)
* v-part:(T,H,B)=(162.18062pt, 563.36475pt, 119.50148pt)
* \paperwidth=597.50787pt
* \paperheight=845.04684pt
* \textwidth=384.11221pt
* \textheight=563.36475pt
* \oddsidemargin=-1.1381pt
* \evensidemargin=69.99379pt
* \topmargin=58.03683pt
* \headheight=12.0pt
* \headsep=19.8738pt
* \topskip=11.0pt
* \footskip=27.46295pt
* \marginparwidth=116.0pt
* \marginparsep=7.0pt
* \columnsep=10.0pt
* \skip\footins=10.0pt plus 4.0pt minus 2.0pt
* \hoffset=0.0pt
* \voffset=0.0pt
* \mag=1000
* \@twocolumnfalse
* \@twosidetrue
* \@mparswitchtrue
* \@reversemarginfalse
* (1in=72.27pt=25.4mm, 1cm=28.453pt)

Package scrlayer Info: Setting magic \footheight to \baselineskip while
(scrlayer)             \begin{document} on input line 119.

Package scrlayer-scrpage Warning: Very small head height detected!
(scrlayer-scrpage)                Using scrlayer-scrpage the head height
(scrlayer-scrpage)                should be at least \baselineskip, which is
(scrlayer-scrpage)                21.89601pt currently.
(scrlayer-scrpage)                But head height is currently 12.0pt only.
(scrlayer-scrpage)                You may use
(scrlayer-scrpage)                geometry option `head=21.89601pt'
(scrlayer-scrpage)                \relax to avoid this warning.

Package scrbase Info: activating english \abbrevname on input line 119.
Package scrbase Info: activating english \byname on input line 119.
Package scrbase Info: activating english \krabstractname on input line 119.
Package scrbase Info: activating english \acknowledgementname on input line 119
.
Package scrbase Info: activating english \authorshipname on input line 119.
Package scrbase Info: activating english \constantsname on input line 119.
Package scrbase Info: activating english \symbolsname on input line 119.
Package hyperref Info: Link coloring ON on input line 119.

(C:\Users\Viet Do\AppData\Local\Programs\MiKTeX 2.9\tex/latex/hyperref\nameref.
sty
Package: nameref 2021-04-02 v2.47 Cross-referencing by name of section

(C:\Users\Viet Do\AppData\Local\Programs\MiKTeX 2.9\tex/latex/refcount\refcount
.sty
Package: refcount 2019/12/15 v3.6 Data extraction from label references (HO)
)
(C:\Users\Viet Do\AppData\Local\Programs\MiKTeX 2.9\tex/generic/gettitlestring\
gettitlestring.sty
Package: gettitlestring 2019/12/15 v1.6 Cleanup title references (HO)
)
\c@section@level=\count369
)
LaTeX Info: Redefining \ref on input line 119.
LaTeX Info: Redefining \pageref on input line 119.
LaTeX Info: Redefining \nameref on input line 119.
 (Thesis.out) (Thesis.out)
\@outlinefile=\write3
\openout3 = `Thesis.out'.

LaTeX Font Info:    Trying to load font information for OT1+ppl on input line 1
19.

(C:\Users\Viet Do\AppData\Local\Programs\MiKTeX 2.9\tex/latex/psnfss\ot1ppl.fd
File: ot1ppl.fd 2001/06/04 font definitions for OT1/ppl.
)
LaTeX Font Info:    Trying to load font information for OML+zplm on input line 
119.

(C:\Users\Viet Do\AppData\Local\Programs\MiKTeX 2.9\tex/latex/psnfss\omlzplm.fd
File: omlzplm.fd 2002/09/08 Fontinst v1.914 font definitions for OML/zplm.
)
LaTeX Font Info:    Trying to load font information for OMS+zplm on input line 
119.

(C:\Users\Viet Do\AppData\Local\Programs\MiKTeX 2.9\tex/latex/psnfss\omszplm.fd
File: omszplm.fd 2002/09/08 Fontinst v1.914 font definitions for OMS/zplm.
)
LaTeX Font Info:    Trying to load font information for OMX+zplm on input line 
119.

(C:\Users\Viet Do\AppData\Local\Programs\MiKTeX 2.9\tex/latex/psnfss\omxzplm.fd
File: omxzplm.fd 2002/09/08 Fontinst v1.914 font definitions for OMX/zplm.
)
LaTeX Font Info:    Trying to load font information for OT1+zplm on input line 
119.

(C:\Users\Viet Do\AppData\Local\Programs\MiKTeX 2.9\tex/latex/psnfss\ot1zplm.fd
File: ot1zplm.fd 2002/09/08 Fontinst v1.914 font definitions for OT1/zplm.
)
LaTeX Font Info:    Font shape `U/msa/m/n' will be
(Font)              scaled to size 11.40997pt on input line 119.
LaTeX Font Info:    Font shape `U/msa/m/n' will be
(Font)              scaled to size 8.33606pt on input line 119.
LaTeX Font Info:    Font shape `U/msa/m/n' will be
(Font)              scaled to size 6.25204pt on input line 119.
LaTeX Font Info:    Font shape `U/msb/m/n' will be
(Font)              scaled to size 11.40997pt on input line 119.
LaTeX Font Info:    Font shape `U/msb/m/n' will be
(Font)              scaled to size 8.33606pt on input line 119.
LaTeX Font Info:    Font shape `U/msb/m/n' will be
(Font)              scaled to size 6.25204pt on input line 119.

1: section
[1



{C:/Users/Viet Do/AppData/Local/MiKTeX/2.9/pdftex/config/pdftex.map}]
[2

]pdfTeX warning (ext4): destination with the same identifier (name{page.i}) has
 been already used, duplicate ignored
<to be read again> 
                   \relax 
l.172 \end{titlepage}
                      [1]pdfTeX warning (ext4): destination with the same ident
ifier (name{page.ii}) has been already used, duplicate ignored
<to be read again> 
                   \relax 
l.179 \begin{titlepage}
                        [2

]
LaTeX Font Info:    Font shape `U/msa/m/n' will be
(Font)              scaled to size 10.42007pt on input line 192.
LaTeX Font Info:    Font shape `U/msa/m/n' will be
(Font)              scaled to size 7.91925pt on input line 192.
LaTeX Font Info:    Font shape `U/msb/m/n' will be
(Font)              scaled to size 10.42007pt on input line 192.
LaTeX Font Info:    Font shape `U/msb/m/n' will be
(Font)              scaled to size 7.91925pt on input line 192.
pdfTeX warning (ext4): destination with the same identifier (name{page.i}) has 
been already used, duplicate ignored
<to be read again> 
                   \relax 
l.225 \end{titlepage}
                      [1]

Package scrlayer-scrpage Warning: \headheight to low.
(scrlayer-scrpage)                At least 21.896pt needed,
(scrlayer-scrpage)                but only 12.0pt found.
(scrlayer-scrpage)                I'll enlarge \headheight, for further
(scrlayer-scrpage)                processing, but you should do this yourself,
(scrlayer-scrpage)                e.g., setting geometry's option
(scrlayer-scrpage)                `head=21.896pt'.
(scrlayer-scrpage)                I'll also decrease \topmargin on input line 2
42.


Overfull \vbox (9.896pt too high) has occurred while \output is active []

pdfTeX warning (ext4): destination with the same identifier (name{page.ii}) has
 been already used, duplicate ignored
<to be read again> 
                   \relax 
l.242 		\addchaptertocentry
                           {\abstractname} % Add the abstract to the table o...
[2]
--------------------
 Abstract
--------------------

Underfull \hbox (badness 10000) in paragraph at lines 244--248

 []

1: section
[3

] [4

] (Thesis.toc)
\tf@toc=\write4
\openout4 = `Thesis.toc'.


1: section
[5] [6

] (Thesis.lof)
\tf@lof=\write5
\openout5 = `Thesis.lof'.


1: section
[7] [8

] (Thesis.lot)
\tf@lot=\write6
\openout6 = `Thesis.lot'.


1: section
[9] [10

]
1: section
[11] [12

]
1: section
\openout2 = `Chapters/Introduction.aux'.

(Chapters/Introduction.tex
Chapter 1.
<Figures/drone_setup.jpg, id=128, 4047.12pt x 3035.34pt>
File: Figures/drone_setup.jpg Graphic file (type jpg)
<use Figures/drone_setup.jpg>
Package pdftex.def Info: Figures/drone_setup.jpg  used on input line 18.
(pdftex.def)             Requested size: 384.11221pt x 288.0824pt.
File: Figures/drone_setup.jpg Graphic file (type jpg)
<use Figures/drone_setup.jpg>
Package pdftex.def Info: Figures/drone_setup.jpg  used on input line 29.
(pdftex.def)             Requested size: 188.21709pt x 141.12332pt.
File: Figures/drone_setup.jpg Graphic file (type jpg)
<use Figures/drone_setup.jpg>
Package pdftex.def Info: Figures/drone_setup.jpg  used on input line 33.
(pdftex.def)             Requested size: 188.21709pt x 141.12332pt.
)
1: section
[1


] [2 <./Figures/drone_setup.jpg>] [3] (Thesis.bbl [4



])
1: section
[5]
\openout2 = `Appendices/FirstAppendix.aux'.

 (Appendices/FirstAppendix.tex [6


]
Appendix A.
)
1: section
[7] [8



]
--------------------
  \begin {CJK}{UTF8}{} \CJKfamily {mj} 국문초록 \end {CJK} 
--------------------

(C:\Users\Viet Do\AppData\Local\Programs\MiKTeX 2.9\tex/latex/cjk/UTF8\UTF8.bdg
File: UTF8.bdg 2015/04/18 4.8.4
)
(C:\Users\Viet Do\AppData\Local\Programs\MiKTeX 2.9\tex/latex/cjk/UTF8\UTF8.enc
File: UTF8.enc 2015/04/18 4.8.4
)
(C:\Users\Viet Do\AppData\Local\Programs\MiKTeX 2.9\tex/latex/cjk/UTF8\UTF8.chr
File: UTF8.chr 2015/04/18 4.8.4
)
LaTeX Font Info:    Trying to load font information for C70+mj on input line 30
6.

(C:\Users\Viet Do\AppData\Local\Programs\MiKTeX 2.9\tex/latex/cjk/UTF8\c70mj.fd
File: c70mj.fd 2015/04/18 4.8.4
)
(C:\Users\Viet Do\AppData\Local\Programs\MiKTeX 2.9\tex/latex/cjk/UTF8\c70mj.fd
x
File: c70mj.fdx 2015/04/18 4.8.4
)
(C:\Users\Viet Do\AppData\Local\Programs\MiKTeX 2.9\tex/latex/cjk/UTF8\UTF8.enc
File: UTF8.enc 2015/04/18 4.8.4
)
(C:\Users\Viet Do\AppData\Local\Programs\MiKTeX 2.9\tex/latex/cjk/UTF8\UTF8.chr
File: UTF8.chr 2015/04/18 4.8.4
)
1: section
[9] [10

]
--------------------
 Acknowledgement
--------------------
1: section
[11] (Thesis.aux (Chapters/Introduction.aux) (Appendices/FirstAppendix.aux))
Package rerunfilecheck Info: File `Thesis.out' has not changed.
(rerunfilecheck)             Checksum: 1423FE7B94E39B9F3F4804F3FBE068FC;1057.
 ) 
Here is how much of TeX's memory you used:
 22146 strings out of 479372
 445825 string characters out of 2855730
 756428 words of memory out of 3000000
 38990 multiletter control sequences out of 15000+200000
 474202 words of font info for 195 fonts, out of 3000000 for 9000
 1141 hyphenation exceptions out of 8191
 98i,20n,102p,373b,882s stack positions out of 5000i,500n,10000p,200000b,50000s
{C:/Users/Viet Do/AppData/Local/Programs/MiKTeX 2.9/fonts/enc/dvips/base/8r.e
nc}<C:/Users/Viet Do/AppData/Local/Programs/MiKTeX 2.9/fonts/type1/public/amsfo
nts/cm/cmsy10.pfb><C:/Users/Viet Do/AppData/Local/Programs/MiKTeX 2.9/fonts/typ
e1/public/mathpazo/fplmri.pfb><C:/Users/Viet Do/AppData/Local/Programs/MiKTeX 2
.9/fonts/type1/uhc/umj/umj10.pfb><C:/Users/Viet Do/AppData/Local/Programs/MiKTe
X 2.9/fonts/type1/uhc/umj/umj11.pfb><C:/Users/Viet Do/AppData/Local/Programs/Mi
KTeX 2.9/fonts/type1/uhc/umj/umj12.pfb><C:/Users/Viet Do/AppData/Local/Programs
/MiKTeX 2.9/fonts/type1/uhc/umj/umj13.pfb><C:/Users/Viet Do/AppData/Local/Progr
ams/MiKTeX 2.9/fonts/type1/uhc/umj/umj14.pfb><C:/Users/Viet Do/AppData/Local/Pr
ograms/MiKTeX 2.9/fonts/type1/uhc/umj/umj15.pfb><C:/Users/Viet Do/AppData/Local
/Programs/MiKTeX 2.9/fonts/type1/uhc/umj/umj16.pfb><C:/Users/Viet Do/AppData/Lo
cal/Programs/MiKTeX 2.9/fonts/type1/uhc/umj/umj17.pfb><C:/Users/Viet Do/AppData
/Local/Programs/MiKTeX 2.9/fonts/type1/urw/palatino/uplb8a.pfb><C:/Users/Viet D
o/AppData/Local/Programs/MiKTeX 2.9/fonts/type1/urw/palatino/uplr8a.pfb><C:/Use
rs/Viet Do/AppData/Local/Programs/MiKTeX 2.9/fonts/type1/urw/palatino/uplr8a.pf
b><C:/Users/Viet Do/AppData/Local/Programs/MiKTeX 2.9/fonts/type1/urw/palatino/
uplri8a.pfb>
Output written on Thesis.pdf (27 pages, 2224404 bytes).
PDF statistics:
 274 PDF objects out of 1000 (max. 8388607)
 42 named destinations out of 1000 (max. 500000)
 178 words of extra memory for PDF output out of 10000 (max. 10000000)

